Determining if the pthread_create exist failed with the following output:
Change Dir: /home/ian/workplace/Fall_2018_Lectures/Robotics/ros-pkg-samples/build-self_drive-Default/CMakeFiles/CMakeTmp

Run Build Command:"/usr/bin/make" "cmTC_eacaf/fast"
/usr/bin/make -f CMakeFiles/cmTC_eacaf.dir/build.make CMakeFiles/cmTC_eacaf.dir/build
make[1]: Entering directory '/home/ian/workplace/Fall_2018_Lectures/Robotics/ros-pkg-samples/build-self_drive-Default/CMakeFiles/CMakeTmp'
Building C object CMakeFiles/cmTC_eacaf.dir/CheckSymbolExists.c.o
/usr/bin/gcc     -o CMakeFiles/cmTC_eacaf.dir/CheckSymbolExists.c.o   -c /home/ian/workplace/Fall_2018_Lectures/Robotics/ros-pkg-samples/build-self_drive-Default/CMakeFiles/CMakeTmp/CheckSymbolExists.c
Linking C executable cmTC_eacaf
/usr/bin/cmake -E cmake_link_script CMakeFiles/cmTC_eacaf.dir/link.txt --verbose=1
/usr/bin/gcc       CMakeFiles/cmTC_eacaf.dir/CheckSymbolExists.c.o  -o cmTC_eacaf -rdynamic 
CMakeFiles/cmTC_eacaf.dir/CheckSymbolExists.c.o: In function `main':
CheckSymbolExists.c:(.text+0x16): undefined reference to `pthread_create'
collect2: error: ld returned 1 exit status
CMakeFiles/cmTC_eacaf.dir/build.make:97: recipe for target 'cmTC_eacaf' failed
make[1]: *** [cmTC_eacaf] Error 1
make[1]: Leaving directory '/home/ian/workplace/Fall_2018_Lectures/Robotics/ros-pkg-samples/build-self_drive-Default/CMakeFiles/CMakeTmp'
Makefile:126: recipe for target 'cmTC_eacaf/fast' failed
make: *** [cmTC_eacaf/fast] Error 2

File /home/ian/workplace/Fall_2018_Lectures/Robotics/ros-pkg-samples/build-self_drive-Default/CMakeFiles/CMakeTmp/CheckSymbolExists.c:
/* */
#include <pthread.h>

int main(int argc, char** argv)
{
  (void)argv;
#ifndef pthread_create
  return ((int*)(&pthread_create))[argc];
#else
  (void)argc;
  return 0;
#endif
}

Determining if the function pthread_create exists in the pthreads failed with the following output:
Change Dir: /home/ian/workplace/Fall_2018_Lectures/Robotics/ros-pkg-samples/build-self_drive-Default/CMakeFiles/CMakeTmp

Run Build Command:"/usr/bin/make" "cmTC_d7455/fast"
/usr/bin/make -f CMakeFiles/cmTC_d7455.dir/build.make CMakeFiles/cmTC_d7455.dir/build
make[1]: Entering directory '/home/ian/workplace/Fall_2018_Lectures/Robotics/ros-pkg-samples/build-self_drive-Default/CMakeFiles/CMakeTmp'
Building C object CMakeFiles/cmTC_d7455.dir/CheckFunctionExists.c.o
/usr/bin/gcc    -DCHECK_FUNCTION_EXISTS=pthread_create   -o CMakeFiles/cmTC_d7455.dir/CheckFunctionExists.c.o   -c /usr/share/cmake-3.5/Modules/CheckFunctionExists.c
Linking C executable cmTC_d7455
/usr/bin/cmake -E cmake_link_script CMakeFiles/cmTC_d7455.dir/link.txt --verbose=1
/usr/bin/gcc   -DCHECK_FUNCTION_EXISTS=pthread_create    CMakeFiles/cmTC_d7455.dir/CheckFunctionExists.c.o  -o cmTC_d7455 -rdynamic -lpthreads 
/usr/bin/ld: cannot find -lpthreads
collect2: error: ld returned 1 exit status
CMakeFiles/cmTC_d7455.dir/build.make:97: recipe for target 'cmTC_d7455' failed
make[1]: *** [cmTC_d7455] Error 1
make[1]: Leaving directory '/home/ian/workplace/Fall_2018_Lectures/Robotics/ros-pkg-samples/build-self_drive-Default/CMakeFiles/CMakeTmp'
Makefile:126: recipe for target 'cmTC_d7455/fast' failed
make: *** [cmTC_d7455/fast] Error 2


